2022/05/09 22:23:54	This log contains information about the import schema operation into project 'Tasks' on computer 'FORTUNEMBULAZI' by user 'LENOVO T440'.
2022/05/09 22:23:54	Import of database schema has started.
2022/05/09 22:24:01	Gathering database credentials
2022/05/09 22:24:01	Gathering database options
2022/05/09 22:24:01	Gathering generic database scoped configuration option
2022/05/09 22:24:01	Gathering users
2022/05/09 22:24:01	Gathering roles
2022/05/09 22:24:01	Gathering application roles
2022/05/09 22:24:01	Gathering role memberships
2022/05/09 22:24:01	Gathering filegroups
2022/05/09 22:24:01	Gathering full-text catalogs
2022/05/09 22:24:02	Gathering assemblies
2022/05/09 22:24:02	Gathering certificates
2022/05/09 22:24:02	Gathering asymmetric keys
2022/05/09 22:24:02	Gathering symmetric keys
2022/05/09 22:24:02	Gathering encrypted symmetric keys
2022/05/09 22:24:02	Gathering schemas
2022/05/09 22:24:02	Gathering XML schema collections
2022/05/09 22:24:02	Gathering user-defined data types
2022/05/09 22:24:02	Gathering user-defined types
2022/05/09 22:24:02	Gathering table types
2022/05/09 22:24:02	Gathering unique keys for table types
2022/05/09 22:24:02	Gathering primary keys for table types
2022/05/09 22:24:02	Gathering indexes for table types
2022/05/09 22:24:03	Gathering check constraints for table types
2022/05/09 22:24:03	Gathering default constraints for table types
2022/05/09 22:24:03	Gathering partition functions
2022/05/09 22:24:03	Gathering partition schemes
2022/05/09 22:24:03	Gathering functions
2022/05/09 22:24:03	Gathering encrypted functions
2022/05/09 22:24:03	Gathering aggregates
2022/05/09 22:24:03	Gathering procedures
2022/05/09 22:24:03	Gathering encrypted procedures
2022/05/09 22:24:03	Gathering tables
2022/05/09 22:24:03	Gathering primary keys
2022/05/09 22:24:03	Gathering unique constraints
2022/05/09 22:24:03	Gathering foreign keys
2022/05/09 22:24:03	Gathering default constraints
2022/05/09 22:24:03	Gathering check constraints
2022/05/09 22:24:03	Gathering views
2022/05/09 22:24:03	Gathering encrypted views
2022/05/09 22:24:03	Gathering indexes
2022/05/09 22:24:03	Gathering statistics
2022/05/09 22:24:03	Gathering full-text index stoplists
2022/05/09 22:24:03	Gathering search property lists
2022/05/09 22:24:03	Gathering search properties
2022/05/09 22:24:03	Gathering full-text indexes
2022/05/09 22:24:03	Gathering column store indexes
2022/05/09 22:24:03	Gathering spatial indexes
2022/05/09 22:24:03	Gathering XML indexes
2022/05/09 22:24:03	Gathering Selective XML indexes
2022/05/09 22:24:03	Gathering encrypted triggers
2022/05/09 22:24:03	Gathering triggers
2022/05/09 22:24:03	Gathering encrypted and clr ddl triggers
2022/05/09 22:24:03	Gathering ddl triggers
2022/05/09 22:24:03	Creating edge constraints
2022/05/09 22:24:03	Gathering synonyms
2022/05/09 22:24:03	Gathering defaults
2022/05/09 22:24:03	Gathering data constraint uddt bindings
2022/05/09 22:24:03	Gathering rules
2022/05/09 22:24:03	Gathering data constraint uddt bindings
2022/05/09 22:24:03	Gathering message types
2022/05/09 22:24:03	Gathering queues
2022/05/09 22:24:04	Gathering contracts
2022/05/09 22:24:04	Gathering services
2022/05/09 22:24:04	Gathering event notifications
2022/05/09 22:24:04	Gathering remote service bindings
2022/05/09 22:24:04	Gathering broker priorities
2022/05/09 22:24:04	Gathering signatures
2022/05/09 22:24:04	Gathering data compression options
2022/05/09 22:24:04	Gathering sequence types
2022/05/09 22:24:04	Gathering security policies
2022/05/09 22:24:04	Gather column encryption keys
2022/05/09 22:24:04	Gathering column master keys
2022/05/09 22:24:04	Gathering external data sources
2022/05/09 22:24:04	Gathering external file formats
2022/05/09 22:24:04	Gathering external tables
2022/05/09 22:24:04	Gathering extended properties
2022/05/09 22:24:04	Gathering credentials
2022/05/09 22:24:04	Gathering logins
2022/05/09 22:24:04	Gathering server audits
2022/05/09 22:24:04	Scanning project for duplicate elements
2022/05/09 22:24:04	Finished duplicate element processing
2022/05/09 22:24:04	Finished importing database.
2022/05/09 22:24:04	A summary of the import was saved to the following location: C:\Users\LENOVO T440\source\repos\Tasks\Tasks\Import Schema Logs\Tasks_20220509082354.log
2022/05/09 22:24:04	Click Finish to continue...
